<?xml version="1.0" encoding="UTF-8"?>
<coverage generated="1523540991591" clover="3.2.0">
  <project timestamp="1523540991591" name="All files">
    <metrics statements="29" coveredstatements="28" conditionals="12" coveredconditionals="12" methods="11" coveredmethods="10" elements="52" coveredelements="50" complexity="0" loc="29" ncloc="29" packages="4" files="4" classes="4">
      <package name="CountdownTimer">
        <metrics statements="1" coveredstatements="1" conditionals="0" coveredconditionals="0" methods="0" coveredmethods="0"/>
        <file name="setupTests.js" path="/home/elias/git/react-testing-with-jest/starter/CountdownTimer/setupTests.js">
          <metrics statements="1" coveredstatements="1" conditionals="0" coveredconditionals="0" methods="0" coveredmethods="0"/>
          <line num="4" count="4" type="stmt"/>
        </file>
      </package>
      <package name="CountdownTimer.app.components.Clock">
        <metrics statements="11" coveredstatements="11" conditionals="4" coveredconditionals="4" methods="2" coveredmethods="2"/>
        <file name="Clock.jsx" path="/home/elias/git/react-testing-with-jest/starter/CountdownTimer/app/components/Clock/Clock.jsx">
          <metrics statements="11" coveredstatements="11" conditionals="4" coveredconditionals="4" methods="2" coveredmethods="2"/>
          <line num="6" count="15" type="stmt"/>
          <line num="7" count="15" type="stmt"/>
          <line num="9" count="15" type="cond" truecount="2" falsecount="0"/>
          <line num="10" count="10" type="stmt"/>
          <line num="13" count="15" type="cond" truecount="2" falsecount="0"/>
          <line num="14" count="14" type="stmt"/>
          <line num="17" count="15" type="stmt"/>
          <line num="21" count="10" type="stmt"/>
          <line num="22" count="10" type="stmt"/>
          <line num="30" count="2" type="stmt"/>
          <line num="34" count="2" type="stmt"/>
        </file>
      </package>
      <package name="CountdownTimer.app.components.Countdown">
        <metrics statements="11" coveredstatements="10" conditionals="4" coveredconditionals="4" methods="7" coveredmethods="6"/>
        <file name="Countdown.jsx" path="/home/elias/git/react-testing-with-jest/starter/CountdownTimer/app/components/Countdown/Countdown.jsx">
          <metrics statements="11" coveredstatements="10" conditionals="4" coveredconditionals="4" methods="7" coveredmethods="6"/>
          <line num="7" count="2" type="stmt"/>
          <line num="8" count="2" type="stmt"/>
          <line num="15" count="5" type="cond" truecount="2" falsecount="0"/>
          <line num="16" count="1" type="stmt"/>
          <line num="21" count="0" type="stmt"/>
          <line num="25" count="1" type="stmt"/>
          <line num="26" count="3" type="stmt"/>
          <line num="27" count="3" type="stmt"/>
          <line num="34" count="2" type="stmt"/>
          <line num="41" count="7" type="stmt"/>
          <line num="43" count="7" type="stmt"/>
        </file>
      </package>
      <package name="CountdownTimer.app.components.CountdownForm">
        <metrics statements="6" coveredstatements="6" conditionals="4" coveredconditionals="4" methods="2" coveredmethods="2"/>
        <file name="CountdownForm.jsx" path="/home/elias/git/react-testing-with-jest/starter/CountdownTimer/app/components/CountdownForm/CountdownForm.jsx">
          <metrics statements="6" coveredstatements="6" conditionals="4" coveredconditionals="4" methods="2" coveredmethods="2"/>
          <line num="5" count="3" type="stmt"/>
          <line num="6" count="3" type="stmt"/>
          <line num="8" count="3" type="cond" truecount="4" falsecount="0"/>
          <line num="9" count="1" type="stmt"/>
          <line num="10" count="1" type="stmt"/>
          <line num="15" count="11" type="stmt"/>
        </file>
      </package>
    </metrics>
  </project>
</coverage>
